app/build/intermediates/manifest_merge_blame_file/debug/manifest-merger-blame-debug-report.txt
1<?xml version="1.0" encoding="utf-8"?>
2<manifest xmlns:android="http://schemas.android.com/apk/res/android"
3    package="com.example.capstonedesign"
4    android:versionCode="1"
5    android:versionName="1.0" >
6
7    <uses-sdk
8        android:minSdkVersion="21"
8-->src\main\AndroidManifest.xml
9        android:targetSdkVersion="32" />
9-->src\main\AndroidManifest.xml
10
11    <uses-permission android:name="android.permission.INTERNET" />
11-->src\main\AndroidManifest.xml:4:5-66
11-->src\main\AndroidManifest.xml:4:22-64
12    <uses-permission android:name="android.permission.WRITE_EXTERNAL_STORAGE" />
12-->src\main\AndroidManifest.xml:5:5-80
12-->src\main\AndroidManifest.xml:5:22-78
13    <uses-permission android:name="android.permission.READ_EXTERNAL_STORAGE" />
13-->src\main\AndroidManifest.xml:6:5-79
13-->src\main\AndroidManifest.xml:6:22-77
14    <!-- Although the *SdkVersion is captured in gradle build files, this is required for non gradle builds -->
15    <!-- <uses-sdk android:minSdkVersion="14"/> -->
16    <uses-permission android:name="android.permission.ACCESS_NETWORK_STATE" />
16-->[com.google.firebase:firebase-database:20.0.4] AndroidManifest.xml:25:5-79
16-->[com.google.firebase:firebase-database:20.0.4] AndroidManifest.xml:25:22-76
17
18    <application
18-->src\main\AndroidManifest.xml:7:5-46:19
19        android:allowBackup="true"
19-->src\main\AndroidManifest.xml:8:9-35
20        android:appComponentFactory="androidx.core.app.CoreComponentFactory"
20-->[androidx.core:core:1.7.0] AndroidManifest.xml:24:18-86
21        android:debuggable="true"
22        android:icon="@mipmap/ic_launcher"
22-->src\main\AndroidManifest.xml:9:9-43
23        android:label="@string/app_name"
23-->src\main\AndroidManifest.xml:10:9-41
24        android:networkSecurityConfig="@xml/network_security_config"
24-->src\main\AndroidManifest.xml:14:9-69
25        android:requestLegacyExternalStorage="true"
25-->src\main\AndroidManifest.xml:15:9-52
26        android:roundIcon="@mipmap/ic_launcher_round"
26-->src\main\AndroidManifest.xml:11:9-54
27        android:supportsRtl="true"
27-->src\main\AndroidManifest.xml:12:9-35
28        android:testOnly="true"
29        android:theme="@style/Theme.CapstoneDesign" >
29-->src\main\AndroidManifest.xml:13:9-52
30        <activity
30-->src\main\AndroidManifest.xml:16:9-23:20
31            android:name="com.example.capstonedesign.IntroActivity"
31-->src\main\AndroidManifest.xml:17:13-42
32            android:exported="true" >
32-->src\main\AndroidManifest.xml:18:13-36
33            <intent-filter>
33-->src\main\AndroidManifest.xml:19:13-22:29
34                <action android:name="android.intent.action.MAIN" />
34-->src\main\AndroidManifest.xml:20:17-69
34-->src\main\AndroidManifest.xml:20:25-66
35
36                <category android:name="android.intent.category.LAUNCHER" />
36-->src\main\AndroidManifest.xml:21:17-77
36-->src\main\AndroidManifest.xml:21:27-74
37            </intent-filter>
38        </activity>
39        <activity android:name="com.example.capstonedesign.LoginFirstActivity" />
39-->src\main\AndroidManifest.xml:24:9-55
39-->src\main\AndroidManifest.xml:24:19-53
40        <activity android:name="com.example.capstonedesign.LoginSecondActivity" />
40-->src\main\AndroidManifest.xml:25:9-56
40-->src\main\AndroidManifest.xml:25:19-54
41        <activity android:name="com.example.capstonedesign.SignupFirstActivity" />
41-->src\main\AndroidManifest.xml:26:9-56
41-->src\main\AndroidManifest.xml:26:19-54
42        <activity android:name="com.example.capstonedesign.SignupSecondActivity" />
42-->src\main\AndroidManifest.xml:27:9-57
42-->src\main\AndroidManifest.xml:27:19-55
43        <activity android:name="com.example.capstonedesign.SignupThirdActivity" />
43-->src\main\AndroidManifest.xml:28:9-56
43-->src\main\AndroidManifest.xml:28:19-54
44        <activity android:name="com.example.capstonedesign.MainActivity" />
44-->src\main\AndroidManifest.xml:29:9-49
44-->src\main\AndroidManifest.xml:29:19-47
45        <activity android:name="com.example.capstonedesign.AnalyzeActivity" />
45-->src\main\AndroidManifest.xml:30:9-52
45-->src\main\AndroidManifest.xml:30:19-50
46        <activity android:name="com.example.capstonedesign.SubstituteActivity" />
46-->src\main\AndroidManifest.xml:31:9-55
46-->src\main\AndroidManifest.xml:31:19-53
47        <activity android:name="com.example.capstonedesign.AnalyzeFailActivity" />
47-->src\main\AndroidManifest.xml:32:9-56
47-->src\main\AndroidManifest.xml:32:19-54
48        <activity android:name="com.example.capstonedesign.SubFailActivity" />
48-->src\main\AndroidManifest.xml:33:9-52
48-->src\main\AndroidManifest.xml:33:19-50
49
50        <provider
50-->src\main\AndroidManifest.xml:34:9-42:20
51            android:name="androidx.core.content.FileProvider"
51-->src\main\AndroidManifest.xml:35:13-62
52            android:authorities="com.example.capstonedesign.fileprovider"
52-->src\main\AndroidManifest.xml:36:13-74
53            android:exported="false"
53-->src\main\AndroidManifest.xml:38:13-37
54            android:grantUriPermissions="true" >
54-->src\main\AndroidManifest.xml:37:13-47
55            <meta-data
55-->src\main\AndroidManifest.xml:39:13-41:53
56                android:name="android.support.FILE_PROVIDER_PATHS"
56-->src\main\AndroidManifest.xml:40:17-67
57                android:resource="@xml/filepaths" />
57-->src\main\AndroidManifest.xml:41:17-50
58        </provider>
59
60        <service
60-->src\main\AndroidManifest.xml:43:9-45:44
61            android:name="com.example.capstonedesign.TerminationService"
61-->src\main\AndroidManifest.xml:44:13-47
62            android:stopWithTask="false" />
62-->src\main\AndroidManifest.xml:45:13-41
63
64        <activity
64-->[com.google.firebase:firebase-auth:19.0.0] AndroidManifest.xml:24:9-31:50
65            android:name="com.google.firebase.auth.internal.FederatedSignInActivity"
65-->[com.google.firebase:firebase-auth:19.0.0] AndroidManifest.xml:25:13-85
66            android:excludeFromRecents="true"
66-->[com.google.firebase:firebase-auth:19.0.0] AndroidManifest.xml:26:13-46
67            android:exported="true"
67-->[com.google.firebase:firebase-auth:19.0.0] AndroidManifest.xml:27:13-36
68            android:launchMode="singleTask"
68-->[com.google.firebase:firebase-auth:19.0.0] AndroidManifest.xml:28:13-44
69            android:permission="com.google.firebase.auth.api.gms.permission.LAUNCH_FEDERATED_SIGN_IN"
69-->[com.google.firebase:firebase-auth:19.0.0] AndroidManifest.xml:29:13-102
70            android:theme="@android:style/Theme.Translucent.NoTitleBar" />
70-->[com.google.firebase:firebase-auth:19.0.0] AndroidManifest.xml:30:13-72
71
72        <service
72-->[com.google.firebase:firebase-auth:19.0.0] AndroidManifest.xml:33:9-39:19
73            android:name="com.google.firebase.components.ComponentDiscoveryService"
73-->[com.google.firebase:firebase-auth:19.0.0] AndroidManifest.xml:34:13-84
74            android:directBootAware="true"
74-->[com.google.firebase:firebase-common:20.1.0] AndroidManifest.xml:35:13-43
75            android:exported="false" >
75-->[com.google.firebase:firebase-auth:19.0.0] AndroidManifest.xml:35:13-37
76            <meta-data
76-->[com.google.firebase:firebase-auth:19.0.0] AndroidManifest.xml:36:13-38:85
77                android:name="com.google.firebase.components:com.google.firebase.auth.FirebaseAuthRegistrar"
77-->[com.google.firebase:firebase-auth:19.0.0] AndroidManifest.xml:37:17-109
78                android:value="com.google.firebase.components.ComponentRegistrar" />
78-->[com.google.firebase:firebase-auth:19.0.0] AndroidManifest.xml:38:17-82
79            <meta-data
79-->[com.google.firebase:firebase-database:20.0.4] AndroidManifest.xml:32:13-34:85
80                android:name="com.google.firebase.components:com.google.firebase.database.DatabaseRegistrar"
80-->[com.google.firebase:firebase-database:20.0.4] AndroidManifest.xml:33:17-109
81                android:value="com.google.firebase.components.ComponentRegistrar" />
81-->[com.google.firebase:firebase-database:20.0.4] AndroidManifest.xml:34:17-82
82        </service>
83
84        <activity
84-->[com.google.android.gms:play-services-auth:17.0.0] AndroidManifest.xml:23:9-27:75
85            android:name="com.google.android.gms.auth.api.signin.internal.SignInHubActivity"
85-->[com.google.android.gms:play-services-auth:17.0.0] AndroidManifest.xml:24:13-93
86            android:excludeFromRecents="true"
86-->[com.google.android.gms:play-services-auth:17.0.0] AndroidManifest.xml:25:13-46
87            android:exported="false"
87-->[com.google.android.gms:play-services-auth:17.0.0] AndroidManifest.xml:26:13-37
88            android:theme="@android:style/Theme.Translucent.NoTitleBar" />
88-->[com.google.android.gms:play-services-auth:17.0.0] AndroidManifest.xml:27:13-72
89        <!--
90            Service handling Google Sign-In user revocation. For apps that do not integrate with
91            Google Sign-In, this service will never be started.
92        -->
93        <service
93-->[com.google.android.gms:play-services-auth:17.0.0] AndroidManifest.xml:33:9-36:110
94            android:name="com.google.android.gms.auth.api.signin.RevocationBoundService"
94-->[com.google.android.gms:play-services-auth:17.0.0] AndroidManifest.xml:34:13-89
95            android:exported="true"
95-->[com.google.android.gms:play-services-auth:17.0.0] AndroidManifest.xml:35:13-36
96            android:permission="com.google.android.gms.auth.api.signin.permission.REVOCATION_NOTIFICATION" />
96-->[com.google.android.gms:play-services-auth:17.0.0] AndroidManifest.xml:36:13-107
97
98        <activity
98-->[com.google.android.gms:play-services-base:18.0.1] AndroidManifest.xml:20:9-22:45
99            android:name="com.google.android.gms.common.api.GoogleApiActivity"
99-->[com.google.android.gms:play-services-base:18.0.1] AndroidManifest.xml:20:19-85
100            android:exported="false"
100-->[com.google.android.gms:play-services-base:18.0.1] AndroidManifest.xml:22:19-43
101            android:theme="@android:style/Theme.Translucent.NoTitleBar" />
101-->[com.google.android.gms:play-services-base:18.0.1] AndroidManifest.xml:21:19-78
102
103        <provider
103-->[com.google.firebase:firebase-common:20.1.0] AndroidManifest.xml:26:9-31:39
104            android:name="com.google.firebase.provider.FirebaseInitProvider"
104-->[com.google.firebase:firebase-common:20.1.0] AndroidManifest.xml:27:13-77
105            android:authorities="com.example.capstonedesign.firebaseinitprovider"
105-->[com.google.firebase:firebase-common:20.1.0] AndroidManifest.xml:28:13-72
106            android:directBootAware="true"
106-->[com.google.firebase:firebase-common:20.1.0] AndroidManifest.xml:29:13-43
107            android:exported="false"
107-->[com.google.firebase:firebase-common:20.1.0] AndroidManifest.xml:30:13-37
108            android:initOrder="100" />
108-->[com.google.firebase:firebase-common:20.1.0] AndroidManifest.xml:31:13-36
109
110        <meta-data
110-->[com.google.android.gms:play-services-basement:18.0.0] AndroidManifest.xml:21:9-23:69
111            android:name="com.google.android.gms.version"
111-->[com.google.android.gms:play-services-basement:18.0.0] AndroidManifest.xml:22:13-58
112            android:value="@integer/google_play_services_version" />
112-->[com.google.android.gms:play-services-basement:18.0.0] AndroidManifest.xml:23:13-66
113
114        <provider
114-->[androidx.emoji2:emoji2:1.0.0] AndroidManifest.xml:26:9-34:20
115            android:name="androidx.startup.InitializationProvider"
115-->[androidx.emoji2:emoji2:1.0.0] AndroidManifest.xml:27:13-67
116            android:authorities="com.example.capstonedesign.androidx-startup"
116-->[androidx.emoji2:emoji2:1.0.0] AndroidManifest.xml:28:13-68
117            android:exported="false" >
117-->[androidx.emoji2:emoji2:1.0.0] AndroidManifest.xml:29:13-37
118            <meta-data
118-->[androidx.emoji2:emoji2:1.0.0] AndroidManifest.xml:31:13-33:52
119                android:name="androidx.emoji2.text.EmojiCompatInitializer"
119-->[androidx.emoji2:emoji2:1.0.0] AndroidManifest.xml:32:17-75
120                android:value="androidx.startup" />
120-->[androidx.emoji2:emoji2:1.0.0] AndroidManifest.xml:33:17-49
121            <meta-data
121-->[androidx.lifecycle:lifecycle-process:2.4.0] AndroidManifest.xml:31:13-33:52
122                android:name="androidx.lifecycle.ProcessLifecycleInitializer"
122-->[androidx.lifecycle:lifecycle-process:2.4.0] AndroidManifest.xml:32:17-78
123                android:value="androidx.startup" />
123-->[androidx.lifecycle:lifecycle-process:2.4.0] AndroidManifest.xml:33:17-49
124        </provider>
125    </application>
126
127</manifest>